<?xml version="1.0" encoding="UTF-8"?>
<!-- Generated by org.testng.reporters.JUnitReportReporter -->
<testsuite skipped="0" hostname="MACPRO107" name="com.newtours.tests.BookFlightTest" tests="20" failures="0" timestamp="24 Jul 2019 14:51:24 GMT" time="62.354" errors="0">
  <testcase name="flightConfirmationPage" time="1.596" classname="com.newtours.tests.BookFlightTest"/>
  <testcase name="flightConfirmationPage" time="1.597" classname="com.newtours.tests.BookFlightTest"/>
  <testcase name="registrationPage" time="6.970" classname="com.newtours.tests.BookFlightTest"/>
  <testcase name="flightDetailsPage" time="1.218" classname="com.newtours.tests.BookFlightTest"/>
  <testcase name="registrationPage" time="5.568" classname="com.newtours.tests.BookFlightTest"/>
  <testcase name="flightDetailsPage" time="1.453" classname="com.newtours.tests.BookFlightTest"/>
  <testcase name="findFlightPage" time="3.111" classname="com.newtours.tests.BookFlightTest"/>
  <testcase name="registrationConfirmationPage" time="1.287" classname="com.newtours.tests.BookFlightTest"/>
  <testcase name="flightDetailsPage" time="1.635" classname="com.newtours.tests.BookFlightTest"/>
  <testcase name="registrationConfirmationPage" time="1.425" classname="com.newtours.tests.BookFlightTest"/>
  <testcase name="registrationPage" time="4.310" classname="com.newtours.tests.BookFlightTest"/>
  <testcase name="flightDetailsPage" time="1.896" classname="com.newtours.tests.BookFlightTest"/>
  <testcase name="findFlightPage" time="12.064" classname="com.newtours.tests.BookFlightTest"/>
  <testcase name="registrationPage" time="5.726" classname="com.newtours.tests.BookFlightTest"/>
  <testcase name="registrationConfirmationPage" time="1.320" classname="com.newtours.tests.BookFlightTest"/>
  <testcase name="flightConfirmationPage" time="1.710" classname="com.newtours.tests.BookFlightTest"/>
  <testcase name="registrationConfirmationPage" time="1.456" classname="com.newtours.tests.BookFlightTest"/>
  <testcase name="findFlightPage" time="3.352" classname="com.newtours.tests.BookFlightTest"/>
  <testcase name="findFlightPage" time="3.103" classname="com.newtours.tests.BookFlightTest"/>
  <testcase name="flightConfirmationPage" time="1.557" classname="com.newtours.tests.BookFlightTest"/>
</testsuite> <!-- com.newtours.tests.BookFlightTest -->
