<?xml version="1.0" encoding="UTF-8"?>
<!-- Generated by org.testng.reporters.JUnitReportReporter -->
<testsuite skipped="0" hostname="MACPRO107" name="com.newtours.tests.BookFlightTest" tests="20" failures="0" timestamp="12 May 2019 16:19:55 GMT" time="57.141" errors="0">
  <testcase name="flightConfirmationPage" time="1.717" classname="com.newtours.tests.BookFlightTest"/>
  <testcase name="flightDetailsPage" time="1.377" classname="com.newtours.tests.BookFlightTest"/>
  <testcase name="registrationConfirmationPage" time="1.600" classname="com.newtours.tests.BookFlightTest"/>
  <testcase name="flightConfirmationPage" time="1.573" classname="com.newtours.tests.BookFlightTest"/>
  <testcase name="flightConfirmationPage" time="1.736" classname="com.newtours.tests.BookFlightTest"/>
  <testcase name="findFlightPage" time="3.359" classname="com.newtours.tests.BookFlightTest"/>
  <testcase name="flightDetailsPage" time="1.672" classname="com.newtours.tests.BookFlightTest"/>
  <testcase name="findFlightPage" time="3.183" classname="com.newtours.tests.BookFlightTest"/>
  <testcase name="registrationPage" time="6.192" classname="com.newtours.tests.BookFlightTest"/>
  <testcase name="registrationConfirmationPage" time="1.753" classname="com.newtours.tests.BookFlightTest"/>
  <testcase name="registrationConfirmationPage" time="1.598" classname="com.newtours.tests.BookFlightTest"/>
  <testcase name="registrationPage" time="6.719" classname="com.newtours.tests.BookFlightTest"/>
  <testcase name="registrationConfirmationPage" time="1.566" classname="com.newtours.tests.BookFlightTest"/>
  <testcase name="findFlightPage" time="3.054" classname="com.newtours.tests.BookFlightTest"/>
  <testcase name="flightConfirmationPage" time="1.714" classname="com.newtours.tests.BookFlightTest"/>
  <testcase name="flightDetailsPage" time="1.626" classname="com.newtours.tests.BookFlightTest"/>
  <testcase name="registrationPage" time="5.748" classname="com.newtours.tests.BookFlightTest"/>
  <testcase name="registrationPage" time="6.296" classname="com.newtours.tests.BookFlightTest"/>
  <testcase name="findFlightPage" time="3.208" classname="com.newtours.tests.BookFlightTest"/>
  <testcase name="flightDetailsPage" time="1.450" classname="com.newtours.tests.BookFlightTest"/>
</testsuite> <!-- com.newtours.tests.BookFlightTest -->
