<?xml version="1.0" encoding="UTF-8"?>
<!-- Generated by org.testng.reporters.JUnitReportReporter -->
<testsuite skipped="0" hostname="MACPRO107" name="com.searchmodule.tests.SearchTest" tests="4" failures="0" timestamp="12 May 2019 16:09:43 GMT" time="48.827" errors="0">
  <testcase name="search" time="5.479" classname="com.searchmodule.tests.SearchTest"/>
  <testcase name="search" time="5.906" classname="com.searchmodule.tests.SearchTest"/>
  <testcase name="search" time="32.024" classname="com.searchmodule.tests.SearchTest"/>
  <testcase name="search" time="5.418" classname="com.searchmodule.tests.SearchTest"/>
</testsuite> <!-- com.searchmodule.tests.SearchTest -->
